#
# There is insufficient memory for the Java Runtime Environment to continue.
# Native memory allocation (mmap) failed to map 130023424 bytes. Error detail: G1 virtual space
# Possible reasons:
#   The system is out of physical RAM or swap space
#   This process is running with CompressedOops enabled, and the Java Heap may be blocking the growth of the native heap
# Possible solutions:
#   Reduce memory load on the system
#   Increase physical memory or swap space
#   Check if swap backing store is full
#   Decrease Java heap size (-Xmx/-Xms)
#   Decrease number of Java threads
#   Decrease Java thread stack sizes (-Xss)
#   Set larger code cache with -XX:ReservedCodeCacheSize=
#   JVM is running with Unscaled Compressed Oops mode in which the Java heap is
#     placed in the first 4GB address space. The Java Heap base address is the
#     maximum limit for the native heap growth. Please use -XX:HeapBaseMinAddress
#     to set the Java Heap base and to place the Java Heap above 4GB virtual address.
# This output file may be truncated or incomplete.
#
#  Out of Memory Error (os_windows.cpp:3564), pid=30452, tid=13676
#
# JRE version:  (24.0.1+9) (build )
# Java VM: OpenJDK 64-Bit Server VM (24.0.1+9, mixed mode, sharing, tiered, compressed oops, compressed class ptrs, g1 gc, windows-amd64)
# No core dump will be written. Minidumps are not enabled by default on client versions of Windows
#

---------------  S U M M A R Y ------------

Command Line: -Dfile.encoding=UTF-8 --module-path=C:\Users\Nathan\Proyecto1Progra2\Proyecto1_Progra2\build\classes proyecto1_progra2.Main

Host: 11th Gen Intel(R) Core(TM) i5-1135G7 @ 2.40GHz, 8 cores, 7G,  Windows 11 , 64 bit Build 26100 (10.0.26100.6725)
Time: Fri Oct 31 21:28:33 2025 Hora estándar, América Central elapsed time: 2.098679 seconds (0d 0h 0m 2s)

---------------  T H R E A D  ---------------

Current thread (0x000001f7b6dfa8f0):  JavaThread "Unknown thread" [_thread_in_vm, id=13676, stack(0x00000060c6d00000,0x00000060c6e00000) (1024K)]

Stack: [0x00000060c6d00000,0x00000060c6e00000]
Native frames: (J=compiled Java code, j=interpreted, Vv=VM code, C=native code)
V  [jvm.dll+0x7410c9]  (no source info available)
V  [jvm.dll+0x97def3]  (no source info available)
V  [jvm.dll+0x98021d]  (no source info available)
V  [jvm.dll+0x980893]  (no source info available)
V  [jvm.dll+0x2b5b16]  (no source info available)
V  [jvm.dll+0x73d535]  (no source info available)
V  [jvm.dll+0x730d0a]  (no source info available)
V  [jvm.dll+0x39ea4a]  (no source info available)
V  [jvm.dll+0x3a6746]  (no source info available)
V  [jvm.dll+0x392fce]  (no source info available)
V  [jvm.dll+0x393288]  (no source info available)
V  [jvm.dll+0x369fcc]  (no source info available)
V  [jvm.dll+0x36ac8d]  (no source info available)
V  [jvm.dll+0x94069f]  (no source info available)
V  [jvm.dll+0x4077ad]  (no source info available)
V  [jvm.dll+0x928b1e]  (no source info available)
V  [jvm.dll+0x4a2c4e]  (no source info available)
V  [jvm.dll+0x4a4b81]  (no source info available)
C  [jli.dll+0x52a1]  (no source info available)
C  [ucrtbase.dll+0x37b0]  (no source info available)
C  [KERNEL32.DLL+0x2e8d7]  (no source info available)
C  [ntdll.dll+0x8c53c]  (no source info available)

Lock stack of current Java thread (top to bottom):


---------------  P R O C E S S  ---------------

Threads class SMR info:
_java_thread_list=0x00007ffe334abf58, length=0, elements={
}

Java Threads: ( => current thread )
Total: 0

Other Threads:
  0x000001f7b923d8f0 WorkerThread "GC Thread#0"                     [id=28896, stack(0x00000060c6e00000,0x00000060c6f00000) (1024K)]
  0x000001f7b9251ef0 ConcurrentGCThread "G1 Main Marker"            [id=17864, stack(0x00000060c6f00000,0x00000060c7000000) (1024K)]
  0x000001f7b92538f0 WorkerThread "G1 Conc#0"                       [id=29984, stack(0x00000060c7000000,0x00000060c7100000) (1024K)]

[error occurred during error reporting (printing all threads), id 0xc0000005, EXCEPTION_ACCESS_VIOLATION (0xc0000005) at pc=0x00007ffe32b1efaa]
VM state: not at safepoint (not fully initialized)

VM Mutex/Monitor currently owned by a thread:  ([mutex/lock_event])
[0x00007ffe335350c8] Heap_lock - owner thread: 0x000001f7b6dfa8f0

Heap address: 0x0000000084200000, size: 1982 MB, Compressed Oops mode: 32-bit

CDS archive(s) mapped at: [0x0000000000000000-0x0000000000000000-0x0000000000000000), size 0, SharedBaseAddress: 0x0000000800000000, ArchiveRelocationMode: 1.
UseCompressedClassPointers 1, UseCompactObjectHeaders 0
Narrow klass pointer bits 32, Max shift 3
Narrow klass base: 0xffffffffffffffff, Narrow klass shift: -1
Encoding Range: [0xffffffffffffffff - 0x000000007fffffff), (2147483648 bytes)
Klass Range:    [0x0000000000000000 - 0x0000000000000000), (0 bytes)
Klass ID Range:  [4294967295 - 0) (1)

GC Precious Log:
 CardTable entry size: 512
 Card Set container configuration: InlinePtr #cards 5 size 8 Array Of Cards #cards 10 size 36 Howl #buckets 4 coarsen threshold 1843 Howl Bitmap #cards 512 size 80 coarsen threshold 460 Card regions per heap region 1 cards per card region 2048

Heap:
 garbage-first heap   total reserved 2029568K, committed 0K, used 0K [0x0000000084200000, 0x0000000100000000)
  region size 1024K, 0 young (0K), 0 survivors (0K)

[error occurred during error reporting (printing heap information), id 0xc0000005, EXCEPTION_ACCESS_VIOLATION (0xc0000005) at pc=0x00007ffe32f3f8e9]
GC Heap History (0 events):
No events

Dll operation events (1 events):
Event: 0.075 Loaded shared library C:\Program Files\Apache NetBeans\jdk\bin\java.dll

Deoptimization events (0 events):
No events

Classes loaded (0 events):
No events

Classes unloaded (0 events):
No events

Classes redefined (0 events):
No events

Internal exceptions (0 events):
No events

VM Operations (0 events):
No events

Memory protections (0 events):
No events

Nmethod flushes (0 events):
No events

Events (0 events):
No events


Dynamic libraries:
0x00007ff713110000 - 0x00007ff71311e000 	C:\Program Files\Apache NetBeans\jdk\bin\java.exe
0x00007ffe99f00000 - 0x00007ffe9a168000 	C:\WINDOWS\SYSTEM32\ntdll.dll
0x00007ffe98ec0000 - 0x00007ffe98f89000 	C:\WINDOWS\System32\KERNEL32.DLL
0x00007ffe97150000 - 0x00007ffe97542000 	C:\WINDOWS\System32\KERNELBASE.dll
0x00007ffe97a30000 - 0x00007ffe97b7b000 	C:\WINDOWS\System32\ucrtbase.dll
0x00007ffe769e0000 - 0x00007ffe769f6000 	C:\Program Files\Apache NetBeans\jdk\bin\jli.dll
0x00007ffe862b0000 - 0x00007ffe862ce000 	C:\Program Files\Apache NetBeans\jdk\bin\VCRUNTIME140.dll
0x00007ffe98c30000 - 0x00007ffe98df5000 	C:\WINDOWS\System32\USER32.dll
0x00007ffe97120000 - 0x00007ffe97147000 	C:\WINDOWS\System32\win32u.dll
0x00007ffe7e090000 - 0x00007ffe7e323000 	C:\WINDOWS\WinSxS\amd64_microsoft.windows.common-controls_6595b64144ccf1df_6.0.26100.6899_none_3e0efeeae32e88c1\COMCTL32.dll
0x00007ffe98430000 - 0x00007ffe9845b000 	C:\WINDOWS\System32\GDI32.dll
0x00007ffe99290000 - 0x00007ffe99339000 	C:\WINDOWS\System32\msvcrt.dll
0x00007ffe97900000 - 0x00007ffe97a2d000 	C:\WINDOWS\System32\gdi32full.dll
0x00007ffe97c20000 - 0x00007ffe97cc3000 	C:\WINDOWS\System32\msvcp_win.dll
0x00007ffe99340000 - 0x00007ffe9936f000 	C:\WINDOWS\System32\IMM32.DLL
0x00007ffe93bd0000 - 0x00007ffe93bdc000 	C:\Program Files\Apache NetBeans\jdk\bin\vcruntime140_1.dll
0x00007ffe4b5c0000 - 0x00007ffe4b64d000 	C:\Program Files\Apache NetBeans\jdk\bin\msvcp140.dll
0x00007ffe327a0000 - 0x00007ffe3361c000 	C:\Program Files\Apache NetBeans\jdk\bin\server\jvm.dll
0x00007ffe98e00000 - 0x00007ffe98eb4000 	C:\WINDOWS\System32\ADVAPI32.dll
0x00007ffe99c30000 - 0x00007ffe99cd6000 	C:\WINDOWS\System32\sechost.dll
0x00007ffe993b0000 - 0x00007ffe994c8000 	C:\WINDOWS\System32\RPCRT4.dll
0x00007ffe99e40000 - 0x00007ffe99eb4000 	C:\WINDOWS\System32\WS2_32.dll
0x00007ffe8dad0000 - 0x00007ffe8db05000 	C:\WINDOWS\SYSTEM32\WINMM.dll
0x00007ffe96ef0000 - 0x00007ffe96f4e000 	C:\WINDOWS\SYSTEM32\POWRPROF.dll
0x00007ffe8d9e0000 - 0x00007ffe8d9eb000 	C:\WINDOWS\SYSTEM32\VERSION.dll
0x00007ffe96ed0000 - 0x00007ffe96ee4000 	C:\WINDOWS\SYSTEM32\UMPDC.dll
0x00007ffe95e60000 - 0x00007ffe95e7b000 	C:\WINDOWS\SYSTEM32\kernel.appcore.dll
0x00007ffe84f30000 - 0x00007ffe84f3a000 	C:\Program Files\Apache NetBeans\jdk\bin\jimage.dll
0x00007ffe946f0000 - 0x00007ffe94932000 	C:\WINDOWS\SYSTEM32\DBGHELP.DLL
0x00007ffe98540000 - 0x00007ffe988bb000 	C:\WINDOWS\System32\combase.dll
0x00007ffe98460000 - 0x00007ffe98537000 	C:\WINDOWS\System32\OLEAUT32.dll
0x00007ffe7b870000 - 0x00007ffe7b8ac000 	C:\WINDOWS\SYSTEM32\dbgcore.DLL
0x00007ffe97b80000 - 0x00007ffe97c18000 	C:\WINDOWS\System32\bcryptPrimitives.dll
0x00007ffe86290000 - 0x00007ffe862ae000 	C:\Program Files\Apache NetBeans\jdk\bin\java.dll
0x00007ffe99050000 - 0x00007ffe991e8000 	C:\WINDOWS\System32\ole32.dll
0x00007ffe97ce0000 - 0x00007ffe9842d000 	C:\WINDOWS\System32\SHELL32.dll
0x00007ffe97550000 - 0x00007ffe976bb000 	C:\WINDOWS\System32\wintypes.dll

JVMTI agents: none

dbghelp: loaded successfully - version: 4.0.5 - missing functions: none
symbol engine: initialized successfully - sym options: 0x614 - pdb path: .;C:\Program Files\Apache NetBeans\jdk\bin;C:\WINDOWS\SYSTEM32;C:\WINDOWS\WinSxS\amd64_microsoft.windows.common-controls_6595b64144ccf1df_6.0.26100.6899_none_3e0efeeae32e88c1;C:\Program Files\Apache NetBeans\jdk\bin\server

VM Arguments:
jvm_args: -Dfile.encoding=UTF-8 --module-path=C:\Users\Nathan\Proyecto1Progra2\Proyecto1_Progra2\build\classes 
java_command: proyecto1_progra2.Main
java_class_path (initial): C:\Users\Nathan\Proyecto1Progra2\Proyecto1_Progra2\build\classes
Launcher Type: SUN_STANDARD

[Global flags]
     intx CICompilerCount                          = 4                                         {product} {ergonomic}
     uint ConcGCThreads                            = 2                                         {product} {ergonomic}
     uint G1ConcRefinementThreads                  = 8                                         {product} {ergonomic}
   size_t G1HeapRegionSize                         = 1048576                                   {product} {ergonomic}
   size_t InitialHeapSize                          = 130023424                                 {product} {ergonomic}
   size_t MarkStackSize                            = 4194304                                   {product} {ergonomic}
   size_t MarkStackSizeMax                         = 536870912                                 {product} {ergonomic}
   size_t MaxHeapSize                              = 2078277632                                {product} {ergonomic}
   size_t MinHeapDeltaBytes                        = 1048576                                   {product} {ergonomic}
   size_t MinHeapSize                              = 8388608                                   {product} {ergonomic}
    uintx NonNMethodCodeHeapSize                   = 5832704                                {pd product} {ergonomic}
    uintx NonProfiledCodeHeapSize                  = 122945536                              {pd product} {ergonomic}
    uintx ProfiledCodeHeapSize                     = 122880000                              {pd product} {ergonomic}
    uintx ReservedCodeCacheSize                    = 251658240                              {pd product} {ergonomic}
     bool SegmentedCodeCache                       = true                                      {product} {ergonomic}
   size_t SoftMaxHeapSize                          = 2078277632                             {manageable} {ergonomic}
     bool UseCompressedOops                        = true                           {product lp64_product} {ergonomic}
     bool UseG1GC                                  = true                                      {product} {ergonomic}
     bool UseLargePagesIndividualAllocation        = false                                  {pd product} {ergonomic}

Logging:
Log output configuration:
 #0: stdout all=warning uptime,level,tags foldmultilines=false
 #1: stderr all=off uptime,level,tags foldmultilines=false

Environment Variables:
JAVA_HOME=C:\Program Files\BellSoft\LibericaJDK-17-Full\
PATH=C:\Program Files\Common Files\Oracle\Java\javapath;C:\Program Files\BellSoft\LibericaJDK-17-Full\bin\;C:\WINDOWS\system32;C:\WINDOWS;C:\WINDOWS\System32\Wbem;C:\WINDOWS\System32\WindowsPowerShell\v1.0\;C:\WINDOWS\System32\OpenSSH\;C:\Program Files\dotnet\;C:\Users\Nathan\AppData\Local\Programs\Python\Launcher\;C:\Users\Nathan\AppData\Local\Microsoft\WindowsApps;C:\Users\Nathan\AppData\Local\Programs\Microsoft VS Code\bin;C:\Users\Nathan\AppData\Local\GitHubDesktop\bin;C:\Users\Nathan\AppData\Local\Programs\cursor\resources\app\bin
USERNAME=Nathan
OS=Windows_NT
PROCESSOR_IDENTIFIER=Intel64 Family 6 Model 140 Stepping 1, GenuineIntel
TMP=C:\Users\Nathan\AppData\Local\Temp
TEMP=C:\Users\Nathan\AppData\Local\Temp




Periodic native trim disabled

---------------  S Y S T E M  ---------------

OS:
 Windows 11 , 64 bit Build 26100 (10.0.26100.6725)
OS uptime: 15 days 0:57 hours
Hyper-V role detected

CPU: total 8 (initial active 8) (4 cores per cpu, 2 threads per core) family 6 model 140 stepping 1 microcode 0xbc, cx8, cmov, fxsr, ht, mmx, 3dnowpref, sse, sse2, sse3, ssse3, sse4.1, sse4.2, popcnt, lzcnt, tsc, tscinvbit, avx, avx2, aes, erms, clmul, bmi1, bmi2, adx, avx512f, avx512dq, avx512cd, avx512bw, avx512vl, sha, fma, vzeroupper, avx512_vpopcntdq, avx512_vpclmulqdq, avx512_vaes, avx512_vnni, clflush, clflushopt, clwb, avx512_vbmi2, avx512_vbmi, hv, rdtscp, rdpid, fsrm, gfni, avx512_bitalg, f16c, cet_ibt, cet_ss, avx512_ifma
Processor Information for the first 8 processors :
  Max Mhz: 2419, Current Mhz: 2419, Mhz Limit: 2419

Memory: 4k page, system-wide physical 7926M (511M free)
TotalPageFile size 32502M (AvailPageFile size 1M)
current process WorkingSet (physical memory assigned to process): 13M, peak: 13M
current process commit charge ("private bytes"): 61M, peak: 184M

vm_info: OpenJDK 64-Bit Server VM (24.0.1+9) for windows-amd64 JRE (24.0.1+9) (Zulu24.30+11-CA), built on 2025-03-21T13:52:34Z with MS VC++ 17.1 (VS2022)

END.
